eeschema (2013-07-07 BZR 4022)-stable  >> Creation date: 16-09-2014 12:25:30
#Cmp ( order = Reference )
| BT1        BATTERY     
| C1         470p        
| C2         10n         
| C3         1u          
| C4         100n        
| C5         22p         
| C6         22p         
| C7         1n          
| D1         LED         
| D2         LED         
| D3         LED         
| D4         LED         
| D5         LED         
| D6         LED         
| D7         LED         
| D8         LED         
| P1         CONN_2      
| P2         CONN_5      
| R1         390R        
| R2         390R        
| R3         390R        
| R4         390R        
| R5         390R        
| R6         390R        
| R7         390R        
| R8         390R        
| R9         10R         
| R10        680R        
| R11        Thermistor         
| R12        47k         
| SP1        SPEAKER     
| U1         MSP430G2232 
| X1         CRYSTAL     
#End Cmp

#Cmp ( order = Value )
| BATTERY      BT1       
| 22p          C5        
| 22p          C6        
| 470p         C1        
| 1n           C7        
| 10n          C2        
| 100n         C4        
| 1u           C3        
| LED          D1        
| LED          D2        
| LED          D3        
| LED          D4        
| LED          D5        
| LED          D6        
| LED          D7        
| LED          D8        
| CONN_2       P1        
| CONN_5       P2        
| 10R          R9        
| 390R         R1        
| 390R         R2        
| 390R         R3        
| 390R         R4        
| 390R         R5        
| 390R         R6        
| 390R         R7        
| 390R         R8        
| 680R         R10       
| Thermistor   R11       
| 47k          R12       
| SPEAKER      SP1       
| MSP430G2232  U1        
| CRYSTAL      X1        
#End Cmp

#End List
